<?xml version="1.0" encoding="UTF-8"?>
<!-- Generated by org.testng.reporters.JUnitReportReporter -->
<testsuite skipped="0" hostname="kumarim-w8" name="com.gcrit.testcases.TestCase02_Registration_email_error_verification" tests="1" failures="0" timestamp="24 Feb 2020 05:46:53 GMT" time="4.159" errors="0">
  <testcase name="Registration_email_error_verification" time="4.159" classname="com.gcrit.testcases.TestCase02_Registration_email_error_verification"/>
</testsuite> <!-- com.gcrit.testcases.TestCase02_Registration_email_error_verification -->
