<?xml version="1.0" encoding="UTF-8"?>
<!-- Generated by org.testng.reporters.JUnitReportReporter -->
<testsuite skipped="0" hostname="kumarim-w8" name="com.gcrit.testcases.TestCase04_Sign_In_Error" tests="1" failures="0" timestamp="24 Feb 2020 05:46:53 GMT" time="13.582" errors="0">
  <testcase name="SignIn_Error" time="13.582" classname="com.gcrit.testcases.TestCase04_Sign_In_Error"/>
</testsuite> <!-- com.gcrit.testcases.TestCase04_Sign_In_Error -->
