<?xml version="1.0" encoding="UTF-8"?>
<!-- Generated by org.testng.reporters.JUnitReportReporter -->
<testsuite skipped="0" hostname="kumarim-w8" name="com.gcrit.testcases.TestCase03_Sign_In" tests="1" failures="0" timestamp="24 Feb 2020 05:46:53 GMT" time="5.380" errors="0">
  <testcase name="SignIn" time="5.380" classname="com.gcrit.testcases.TestCase03_Sign_In"/>
</testsuite> <!-- com.gcrit.testcases.TestCase03_Sign_In -->
